2021-11-20 03:15:52:1552 [32minfo[39m: [32mdevelopment server listening on port 4000[39m
2021-11-20 03:18:41:1841 [35mhttp[39m: [35mGET /admin/news 200 61 - 4.326 ms[39m
[35m[39m
2021-11-20 03:18:41:1841 [35mhttp[39m: [35mGET /favicon.ico 200 61 - 0.482 ms[39m
[35m[39m
2021-11-20 03:20:57:2057 [32minfo[39m: [32mdevelopment server listening on port 4000[39m
2021-11-20 03:21:57:2157 [32minfo[39m: [32mdevelopment server listening on port 4000[39m
2021-11-20 03:22:00:220 [35mhttp[39m: [35mPOST /auth/login 200 2 - 4.084 ms[39m
[35m[39m
2021-11-20 03:23:43:2343 [32minfo[39m: [32mdevelopment server listening on port 4000[39m
2021-11-20 03:23:47:2347 [35mhttp[39m: [35mPOST /auth/login 200 2 - 2.915 ms[39m
[35m[39m
2021-11-20 03:24:32:2432 [32minfo[39m: [32mdevelopment server listening on port 4000[39m
2021-11-20 03:24:39:2439 [35mhttp[39m: [35mPOST /auth/login 200 61 - 3.920 ms[39m
[35m[39m
2021-11-20 03:25:22:2522 [32minfo[39m: [32mdevelopment server listening on port 4000[39m
2021-11-20 03:25:25:2525 [35mhttp[39m: [35mPOST /auth/login 200 2 - 5.177 ms[39m
[35m[39m
2021-11-20 03:25:45:2545 [35mhttp[39m: [35mPOST /auth/login 200 2 - 0.675 ms[39m
[35m[39m
2021-11-20 03:35:33:3533 [32minfo[39m: [32mdevelopment server listening on port 4000[39m
2021-11-20 03:35:38:3538 [35mhttp[39m: [35mPOST /auth/login 200 2 - 13.243 ms[39m
[35m[39m
2021-11-20 03:37:31:3731 [32minfo[39m: [32mdevelopment server listening on port 4000[39m
2021-11-20 03:38:22:3822 [35mhttp[39m: [35mPOST /auth/login 200 2 - 9.493 ms[39m
[35m[39m
2021-11-20 03:38:48:3848 [32minfo[39m: [32mdevelopment server listening on port 4000[39m
2021-11-20 03:38:50:3850 [35mhttp[39m: [35mPOST /auth/login 200 2 - 12.883 ms[39m
[35m[39m
2021-11-20 03:39:11:3911 [32minfo[39m: [32mdevelopment server listening on port 4000[39m
2021-11-20 03:39:13:3913 [35mhttp[39m: [35mPOST /auth/login 200 2 - 7.881 ms[39m
[35m[39m
2021-11-20 03:40:51:4051 [32minfo[39m: [32mdevelopment server listening on port 4000[39m
2021-11-20 03:40:52:4052 [35mhttp[39m: [35mPOST /auth/login 200 2 - 11.180 ms[39m
[35m[39m
2021-11-20 03:41:46:4146 [32minfo[39m: [32mdevelopment server listening on port 4000[39m
2021-11-20 03:41:48:4148 [35mhttp[39m: [35mPOST /auth/login 200 2 - 12.060 ms[39m
[35m[39m
2021-11-20 03:42:36:4236 [32minfo[39m: [32mdevelopment server listening on port 4000[39m
2021-11-20 03:42:40:4240 [35mhttp[39m: [35mPOST /auth/login 200 2 - 18.247 ms[39m
[35m[39m
2021-11-20 03:43:02:432 [32minfo[39m: [32mdevelopment server listening on port 4000[39m
2021-11-20 03:43:04:434 [35mhttp[39m: [35mPOST /auth/login 200 2 - 10.251 ms[39m
[35m[39m
2021-11-20 03:44:12:4412 [32minfo[39m: [32mdevelopment server listening on port 4000[39m
2021-11-20 03:44:13:4413 [35mhttp[39m: [35mPOST /auth/login 200 2 - 7.379 ms[39m
[35m[39m
2021-11-20 03:44:17:4417 [35mhttp[39m: [35mPOST /auth/login 200 2 - 0.492 ms[39m
[35m[39m
2021-11-20 03:45:16:4516 [32minfo[39m: [32mdevelopment server listening on port 4000[39m
2021-11-20 03:45:22:4522 [35mhttp[39m: [35mPOST /auth/login 200 2 - 9.508 ms[39m
[35m[39m
2021-11-20 03:45:54:4554 [32minfo[39m: [32mdevelopment server listening on port 4000[39m
2021-11-20 03:45:55:4555 [35mhttp[39m: [35mPOST /auth/login 200 2 - 11.875 ms[39m
[35m[39m
2021-11-20 03:46:56:4656 [32minfo[39m: [32mdevelopment server listening on port 4000[39m
2021-11-20 03:46:59:4659 [35mhttp[39m: [35mPOST /auth/login 200 2 - 9.659 ms[39m
[35m[39m
2021-11-20 03:48:22:4822 [32minfo[39m: [32mdevelopment server listening on port 4000[39m
2021-11-20 03:48:24:4824 [35mhttp[39m: [35mPOST /auth/login 200 2 - 8.795 ms[39m
[35m[39m
2021-11-20 03:49:43:4943 [32minfo[39m: [32mdevelopment server listening on port 4000[39m
2021-11-20 03:49:46:4946 [35mhttp[39m: [35mPOST /auth/login 200 250 - 373.365 ms[39m
[35m[39m
2021-11-22 00:13:22:1322 [32minfo[39m: [32mdevelopment server listening on port 4000[39m
2021-11-22 00:15:32:1532 [35mhttp[39m: [35mPOST /auth/login 200 250 - 369.657 ms[39m
[35m[39m
2021-11-22 00:16:11:1611 [35mhttp[39m: [35mGET /home 200 61 - 0.738 ms[39m
[35m[39m
2021-11-22 00:16:42:1642 [35mhttp[39m: [35mGET /home 200 66 - 0.887 ms[39m
[35m[39m
2021-11-22 00:16:52:1652 [35mhttp[39m: [35mGET /home 200 66 - 0.322 ms[39m
[35m[39m
2021-11-22 00:19:22:1922 [32minfo[39m: [32mdevelopment server listening on port 4000[39m
2021-11-22 00:19:24:1924 [35mhttp[39m: [35mGET /home 200 66 - 6.621 ms[39m
[35m[39m
2021-11-22 00:20:03:203 [32minfo[39m: [32mdevelopment server listening on port 4000[39m
2021-11-22 00:20:18:2018 [35mhttp[39m: [35mGET /home 200 66 - 8.357 ms[39m
[35m[39m
2021-11-22 00:21:02:212 [32minfo[39m: [32mdevelopment server listening on port 4000[39m
2021-11-22 00:21:03:213 [35mhttp[39m: [35mGET /home 200 66 - 11.215 ms[39m
[35m[39m
2021-11-22 00:22:46:2246 [32minfo[39m: [32mdevelopment server listening on port 4000[39m
2021-11-22 00:23:03:233 [35mhttp[39m: [35mPOST /auth/login 200 250 - 348.004 ms[39m
[35m[39m
2021-11-22 00:23:18:2318 [35mhttp[39m: [35mGET /home 200 209 - 15.428 ms[39m
[35m[39m
2021-11-22 00:23:46:2346 [32minfo[39m: [32mdevelopment server listening on port 4000[39m
2021-11-22 00:23:54:2354 [35mhttp[39m: [35mGET /home 200 209 - 69.427 ms[39m
[35m[39m
2021-11-22 00:32:27:3227 [32minfo[39m: [32mdevelopment server listening on port 4000[39m
2021-11-22 00:32:53:3253 [35mhttp[39m: [35mGET /home 200 253 - 64.675 ms[39m
[35m[39m
2021-11-22 00:33:43:3343 [32minfo[39m: [32mdevelopment server listening on port 4000[39m
2021-11-22 00:34:25:3425 [35mhttp[39m: [35mGET /home 200 348 - 65.956 ms[39m
[35m[39m
2021-11-22 00:36:37:3637 [35mhttp[39m: [35mGET /home 200 348 - 13.133 ms[39m
[35m[39m
2021-11-22 00:36:50:3650 [32minfo[39m: [32mdevelopment server listening on port 4000[39m
2021-11-22 00:36:58:3658 [35mhttp[39m: [35mGET /home 200 225 - 59.108 ms[39m
[35m[39m
2021-11-22 00:53:06:536 [32minfo[39m: [32mdevelopment server listening on port 4000[39m
2021-11-22 00:53:12:5312 [35mhttp[39m: [35mGET /home 200 585 - 65.223 ms[39m
[35m[39m
